<?xml version="1.0" encoding="UTF-8"?>
<!-- Generated by org.testng.reporters.JUnitReportReporter -->
<testsuite skipped="0" hostname="DESKTOP-EE2U3D7" name="com.Tests.Dependency" tests="4" failures="0" timestamp="2021-02-17T12:30:18 IST" time="0.018" errors="0">
  <testcase name="CloseBrowser" time="0.002" classname="com.Tests.Dependency"/>
  <system-out/>
  <testcase name="OpenBrowser" time="0.011" classname="com.Tests.Dependency"/>
  <system-out/>
  <testcase name="SignIn" time="0.003" classname="com.Tests.Dependency"/>
  <system-out/>
  <testcase name="LogOut" time="0.002" classname="com.Tests.Dependency"/>
  <system-out/>
</testsuite> <!-- com.Tests.Dependency -->
