<?xml version="1.0" encoding="UTF-8"?>
<!-- Generated by org.testng.reporters.JUnitReportReporter -->
<testsuite skipped="0" hostname="DESKTOP-EE2U3D7" name="com.Tests.DPDemo" tests="5" failures="0" timestamp="2021-02-17T11:11:43 IST" time="0.021" errors="0">
  <testcase name="TestDP" time="0.009" classname="com.Tests.DPDemo"/>
  <system-out/>
  <testcase name="TestDP" time="0.002" classname="com.Tests.DPDemo"/>
  <system-out/>
  <testcase name="TestDP" time="0.005" classname="com.Tests.DPDemo"/>
  <system-out/>
  <testcase name="TestDP" time="0.003" classname="com.Tests.DPDemo"/>
  <system-out/>
  <testcase name="TestDP" time="0.002" classname="com.Tests.DPDemo"/>
  <system-out/>
</testsuite> <!-- com.Tests.DPDemo -->
