<?xml version="1.0" encoding="UTF-8"?>
<!-- Generated by org.testng.reporters.JUnitReportReporter -->
<testsuite skipped="0" hostname="DESKTOP-EE2U3D7" name="com.Tests.DPStringDemo" tests="3" failures="0" timestamp="2021-02-17T11:13:24 IST" time="0.018" errors="0">
  <testcase name="TestCase" time="0.009" classname="com.Tests.DPStringDemo"/>
  <system-out/>
  <testcase name="TestCase" time="0.004" classname="com.Tests.DPStringDemo"/>
  <system-out/>
  <testcase name="TestCase" time="0.005" classname="com.Tests.DPStringDemo"/>
  <system-out/>
</testsuite> <!-- com.Tests.DPStringDemo -->
