<?xml version="1.0" encoding="UTF-8"?>
<!-- Generated by org.testng.reporters.JUnitReportReporter -->
<testsuite skipped="0" hostname="DESKTOP-EE2U3D7" name="com.Tests.TestNGTest" tests="1" failures="0" timestamp="2021-02-17T11:07:57 IST" time="0.011" errors="0">
  <testcase name="TestOne" time="0.011" classname="com.Tests.TestNGTest"/>
  <system-out/>
</testsuite> <!-- com.Tests.TestNGTest -->
