<?xml version="1.0" encoding="UTF-8"?>
<!-- Generated by org.testng.reporters.JUnitReportReporter -->
<testsuite skipped="0" hostname="DESKTOP-EE2U3D7" name="com.Tests.GroupingTest" tests="3" failures="0" timestamp="2021-02-17T11:36:32 IST" time="0.018" errors="0">
  <testcase name="TestCase2" time="0.003" classname="com.Tests.GroupingTest"/>
  <system-out/>
  <testcase name="TestCase1" time="0.013" classname="com.Tests.GroupingTest"/>
  <system-out/>
  <testcase name="TestCase4" time="0.002" classname="com.Tests.GroupingTest"/>
  <system-out/>
</testsuite> <!-- com.Tests.GroupingTest -->
